26/03/21 (22:38:10) | WARNING: No theme named "one-dark" found!
26/03/21 (22:41:28) | WARNING: No theme named "one dark" found!
26/03/21 (22:41:48) | WARNING: No theme named "one-dark" found!
26/03/21 (22:42:33) | WARNING: No theme named "+one_dark" found!
26/03/21 (22:43:26) | WARNING: No theme named "+one dark" found!
26/03/21 (22:44:47) | WARNING: No theme named "+one" found!
26/03/21 (22:45:06) | WARNING: No theme named "+one.theme" found!
26/03/21 (22:48:53) | WARNING: No theme named "one.theme" found!
26/03/21 (22:49:33) | WARNING: No theme named "+one" found!
26/03/21 (22:49:54) | WARNING: No theme named "one" found!
26/03/21 (23:33:10) | ERROR: invalid literal for int() with base 10: 'ffffff'
Traceback (most recent call last):
  File "/usr/bin/bpytop", line 1130, in __init__
    c_t = tuple(map(int, color.split(" ")))
ValueError: invalid literal for int() with base 10: 'ffffff'
26/03/21 (23:33:12) | ERROR: 'Color' object has no attribute 'dec'
Traceback (most recent call last):
  File "/usr/bin/bpytop", line 5534, in main
    THEME = Theme(CONFIG.color_theme)
  File "/usr/bin/bpytop", line 1255, in __init__
    self._load_theme(theme)
  File "/usr/bin/bpytop", line 1301, in _load_theme
    rgb = { "start" : getattr(self, f'{name}_start').dec, "mid" : getattr(self, f'{name}_mid').dec, "end" : getattr(self, f'{name}_end').dec }
AttributeError: 'Color' object has no attribute 'dec'
26/03/21 (23:33:12) | WARNING: Exiting with errorcode (1). Runtime 0:00:02 

03/06/22 (14:14:53) | ERROR: invalid literal for int() with base 10: 'theme[selected_fg]=theme[main_fg]'
Traceback (most recent call last):
  File "/usr/bin/bpytop", line 1160, in __init__
    c_t = tuple(map(int, color.split(" ")))
ValueError: invalid literal for int() with base 10: 'theme[selected_fg]=theme[main_fg]'
03/06/22 (14:15:22) | ERROR: invalid literal for int() with base 10: 'theme[selected_fg]=theme[main_fg]'
Traceback (most recent call last):
  File "/usr/bin/bpytop", line 1160, in __init__
    c_t = tuple(map(int, color.split(" ")))
ValueError: invalid literal for int() with base 10: 'theme[selected_fg]=theme[main_fg]'
03/06/22 (14:18:50) | ERROR: invalid literal for int() with base 10: 'theme[selected_fg]=theme[main_fg]'
Traceback (most recent call last):
  File "/usr/bin/bpytop", line 1160, in __init__
    c_t = tuple(map(int, color.split(" ")))
ValueError: invalid literal for int() with base 10: 'theme[selected_fg]=theme[main_fg]'
03/06/22 (14:19:36) | ERROR: invalid literal for int() with base 10: 'theme[selected_fg]=theme[main_fg]'
Traceback (most recent call last):
  File "/usr/bin/bpytop", line 1160, in __init__
    c_t = tuple(map(int, color.split(" ")))
ValueError: invalid literal for int() with base 10: 'theme[selected_fg]=theme[main_fg]'
03/06/22 (14:20:08) | ERROR: invalid literal for int() with base 10: 'theme[selected_fg]=theme[main_fg]'
Traceback (most recent call last):
  File "/usr/bin/bpytop", line 1160, in __init__
    c_t = tuple(map(int, color.split(" ")))
ValueError: invalid literal for int() with base 10: 'theme[selected_fg]=theme[main_fg]'
03/06/22 (14:21:49) | ERROR: invalid literal for int() with base 10: 'theme[selected_fg]=theme[main_fg]'
Traceback (most recent call last):
  File "/usr/bin/bpytop", line 1160, in __init__
    c_t = tuple(map(int, color.split(" ")))
ValueError: invalid literal for int() with base 10: 'theme[selected_fg]=theme[main_fg]'
03/06/22 (14:22:38) | ERROR: invalid literal for int() with base 10: 'theme[selected_fg]=theme[main_fg]'
Traceback (most recent call last):
  File "/usr/bin/bpytop", line 1160, in __init__
    c_t = tuple(map(int, color.split(" ")))
ValueError: invalid literal for int() with base 10: 'theme[selected_fg]=theme[main_fg]'
03/06/22 (14:25:51) | ERROR: invalid literal for int() with base 10: 'theme[selected_fg]=theme[main_fg]'
Traceback (most recent call last):
  File "/usr/bin/bpytop", line 1160, in __init__
    c_t = tuple(map(int, color.split(" ")))
ValueError: invalid literal for int() with base 10: 'theme[selected_fg]=theme[main_fg]'
03/06/22 (14:28:28) | ERROR: invalid literal for int() with base 10: 'theme[selected_fg]=theme[main_fg]'
Traceback (most recent call last):
  File "/usr/bin/bpytop", line 1160, in __init__
    c_t = tuple(map(int, color.split(" ")))
ValueError: invalid literal for int() with base 10: 'theme[selected_fg]=theme[main_fg]'
09/06/22 (00:08:30) | ERROR: Data collection thread failed with exception: 'pid'
Traceback (most recent call last):
  File "/usr/bin/bpytop", line 2959, in _runner
    collector._draw()
  File "/usr/bin/bpytop", line 3991, in _draw
    ProcBox._draw_fg()
  File "/usr/bin/bpytop", line 2638, in _draw_fg
    f'{Mv.to(dy-1, x+1)}{THEME.proc_box(Symbol.title_left)}{Fx.b}{THEME.title(str(proc.details["pid"]))}{Fx.ub}{THEME.proc_box(Symbol.title_right)}'
KeyError: 'pid'
09/06/22 (00:08:32) | WARNING: Exiting with errorcode (1). Runtime 0:00:39 

06/08/22 (12:46:00) | ERROR: Data collection thread failed with exception: 'pid'
Traceback (most recent call last):
  File "/usr/bin/bpytop", line 2959, in _runner
    collector._draw()
  File "/usr/bin/bpytop", line 3991, in _draw
    ProcBox._draw_fg()
  File "/usr/bin/bpytop", line 2638, in _draw_fg
    f'{Mv.to(dy-1, x+1)}{THEME.proc_box(Symbol.title_left)}{Fx.b}{THEME.title(str(proc.details["pid"]))}{Fx.ub}{THEME.proc_box(Symbol.title_right)}'
KeyError: 'pid'
06/08/22 (12:46:01) | WARNING: Exiting with errorcode (1). Runtime 2 days, 16:35:09 

01/10/22 (19:41:48) | ERROR: Data collection thread failed with exception: 'pid'
Traceback (most recent call last):
  File "/usr/bin/bpytop", line 2959, in _runner
    collector._draw()
  File "/usr/bin/bpytop", line 3991, in _draw
    ProcBox._draw_fg()
  File "/usr/bin/bpytop", line 2638, in _draw_fg
    f'{Mv.to(dy-1, x+1)}{THEME.proc_box(Symbol.title_left)}{Fx.b}{THEME.title(str(proc.details["pid"]))}{Fx.ub}{THEME.proc_box(Symbol.title_right)}'
KeyError: 'pid'
01/10/22 (19:41:49) | WARNING: Exiting with errorcode (1). Runtime 0:46:31 

09/10/22 (20:42:20) | ERROR: Data collection thread failed with exception: 'pid'
Traceback (most recent call last):
  File "/usr/bin/bpytop", line 2959, in _runner
    collector._draw()
  File "/usr/bin/bpytop", line 3991, in _draw
    ProcBox._draw_fg()
  File "/usr/bin/bpytop", line 2638, in _draw_fg
    f'{Mv.to(dy-1, x+1)}{THEME.proc_box(Symbol.title_left)}{Fx.b}{THEME.title(str(proc.details["pid"]))}{Fx.ub}{THEME.proc_box(Symbol.title_right)}'
KeyError: 'pid'
09/10/22 (20:42:21) | WARNING: Exiting with errorcode (1). Runtime 8 days, 1:00:26 

25/10/22 (16:26:31) | ERROR: Data collection thread failed with exception: 'pid'
Traceback (most recent call last):
  File "/usr/bin/bpytop", line 2959, in _runner
    collector._draw()
  File "/usr/bin/bpytop", line 3991, in _draw
    ProcBox._draw_fg()
  File "/usr/bin/bpytop", line 2638, in _draw_fg
    f'{Mv.to(dy-1, x+1)}{THEME.proc_box(Symbol.title_left)}{Fx.b}{THEME.title(str(proc.details["pid"]))}{Fx.ub}{THEME.proc_box(Symbol.title_right)}'
KeyError: 'pid'
25/10/22 (16:26:32) | WARNING: Exiting with errorcode (1). Runtime 7 days, 23:50:51 

27/10/22 (20:07:59) | ERROR: Data collection thread failed with exception: 'pid'
Traceback (most recent call last):
  File "/usr/bin/bpytop", line 2959, in _runner
    collector._draw()
  File "/usr/bin/bpytop", line 3991, in _draw
    ProcBox._draw_fg()
  File "/usr/bin/bpytop", line 2638, in _draw_fg
    f'{Mv.to(dy-1, x+1)}{THEME.proc_box(Symbol.title_left)}{Fx.b}{THEME.title(str(proc.details["pid"]))}{Fx.ub}{THEME.proc_box(Symbol.title_right)}'
KeyError: 'pid'
27/10/22 (20:07:59) | WARNING: Exiting with errorcode (1). Runtime 2 days, 3:39:39 

08/11/22 (16:32:15) | ERROR: Data collection thread failed with exception: 'pid'
Traceback (most recent call last):
  File "/usr/bin/bpytop", line 2959, in _runner
    collector._draw()
  File "/usr/bin/bpytop", line 3991, in _draw
    ProcBox._draw_fg()
  File "/usr/bin/bpytop", line 2638, in _draw_fg
    f'{Mv.to(dy-1, x+1)}{THEME.proc_box(Symbol.title_left)}{Fx.b}{THEME.title(str(proc.details["pid"]))}{Fx.ub}{THEME.proc_box(Symbol.title_right)}'
KeyError: 'pid'
08/11/22 (16:32:16) | WARNING: Exiting with errorcode (1). Runtime 7 days, 0:18:52 

14/02/23 (14:49:14) | ERROR: Exception when sending signal 9 to pid 163
14/02/23 (14:49:14) | ERROR: [Errno 1] Operation not permitted
Traceback (most recent call last):
  File "/usr/bin/bpytop", line 5479, in process_keys
    os.kill(pid, sig)
PermissionError: [Errno 1] Operation not permitted
14/02/23 (14:52:40) | ERROR: Exception when sending signal 9 to pid 163
14/02/23 (14:52:40) | ERROR: [Errno 1] Operation not permitted
Traceback (most recent call last):
  File "/usr/bin/bpytop", line 5479, in process_keys
    os.kill(pid, sig)
PermissionError: [Errno 1] Operation not permitted
14/02/23 (14:52:43) | ERROR: Exception when sending signal 9 to pid 163
14/02/23 (14:52:43) | ERROR: [Errno 1] Operation not permitted
Traceback (most recent call last):
  File "/usr/bin/bpytop", line 5479, in process_keys
    os.kill(pid, sig)
PermissionError: [Errno 1] Operation not permitted
14/02/23 (14:52:46) | ERROR: Exception when sending signal 9 to pid 164
14/02/23 (14:52:46) | ERROR: [Errno 1] Operation not permitted
Traceback (most recent call last):
  File "/usr/bin/bpytop", line 5479, in process_keys
    os.kill(pid, sig)
PermissionError: [Errno 1] Operation not permitted
30/04/23 (23:16:18) | ERROR: Data collection thread failed with exception: 'pid'
Traceback (most recent call last):
  File "/usr/bin/bpytop", line 2959, in _runner
    collector._draw()
  File "/usr/bin/bpytop", line 3991, in _draw
    ProcBox._draw_fg()
  File "/usr/bin/bpytop", line 2638, in _draw_fg
    f'{Mv.to(dy-1, x+1)}{THEME.proc_box(Symbol.title_left)}{Fx.b}{THEME.title(str(proc.details["pid"]))}{Fx.ub}{THEME.proc_box(Symbol.title_right)}'
KeyError: 'pid'
30/04/23 (23:16:18) | WARNING: Exiting with errorcode (1). Runtime 3 days, 2:30:30 

08/06/24 (21:30:48) | ERROR: Data collection thread failed with exception: process no longer exists (pid=30029)
Traceback (most recent call last):
  File "/usr/bin/bpytop", line 2958, in _runner
    collector._collect()
  File "/usr/bin/bpytop", line 3795, in _collect
    cls.details = det.as_dict(attrs=attrs, ad_value="")
                  ^^^^^^^^^^^^^^^^^^^^^^^^^^^^^^^^^^^^^
  File "/usr/lib/python3.12/site-packages/psutil/__init__.py", line 557, in as_dict
    ret = meth()
          ^^^^^^
  File "/usr/lib/python3.12/site-packages/psutil/_common.py", line 504, in wrapper
    raise raise_from(err, None)
          ^^^^^^^^^^^^^^^^^^^^^
  File "<string>", line 3, in raise_from
  File "/usr/lib/python3.12/site-packages/psutil/_common.py", line 502, in wrapper
    ret = fun(self)
          ^^^^^^^^^
  File "/usr/lib/python3.12/site-packages/psutil/__init__.py", line 1102, in memory_info
    return self._proc.memory_info()
           ^^^^^^^^^^^^^^^^^^^^^^^^
  File "/usr/lib/python3.12/site-packages/psutil/_pslinux.py", line 1723, in wrapper
    raise NoSuchProcess(self.pid, self._name)
psutil.NoSuchProcess: process no longer exists (pid=30029)
08/06/24 (21:31:12) | WARNING: Exiting with errorcode (1). Runtime 2:58:25 

08/06/24 (21:33:15) | WARNING: Exiting with errorcode (1). Runtime 3:00:28 

09/06/24 (15:45:44) | ERROR: Data collection thread failed with exception: 'pid'
Traceback (most recent call last):
  File "/usr/bin/bpytop", line 2959, in _runner
    collector._draw()
  File "/usr/bin/bpytop", line 3991, in _draw
    ProcBox._draw_fg()
  File "/usr/bin/bpytop", line 2638, in _draw_fg
    f'{Mv.to(dy-1, x+1)}{THEME.proc_box(Symbol.title_left)}{Fx.b}{THEME.title(str(proc.details["pid"]))}{Fx.ub}{THEME.proc_box(Symbol.title_right)}'
                                                                                  ~~~~~~~~~~~~^^^^^^^
KeyError: 'pid'
09/06/24 (15:45:52) | WARNING: Exiting with errorcode (1). Runtime 16:36:33 

12/06/24 (23:05:04) | ERROR: Data collection thread failed with exception: 'pid'
Traceback (most recent call last):
  File "/usr/bin/bpytop", line 2959, in _runner
    collector._draw()
  File "/usr/bin/bpytop", line 3991, in _draw
    ProcBox._draw_fg()
  File "/usr/bin/bpytop", line 2638, in _draw_fg
    f'{Mv.to(dy-1, x+1)}{THEME.proc_box(Symbol.title_left)}{Fx.b}{THEME.title(str(proc.details["pid"]))}{Fx.ub}{THEME.proc_box(Symbol.title_right)}'
                                                                                  ~~~~~~~~~~~~^^^^^^^
KeyError: 'pid'
12/06/24 (23:05:24) | WARNING: Exiting with errorcode (1). Runtime 1:31:22 

13/06/24 (16:50:15) | ERROR: Data collection thread failed with exception: 'pid'
Traceback (most recent call last):
  File "/usr/bin/bpytop", line 2959, in _runner
    collector._draw()
  File "/usr/bin/bpytop", line 3991, in _draw
    ProcBox._draw_fg()
  File "/usr/bin/bpytop", line 2638, in _draw_fg
    f'{Mv.to(dy-1, x+1)}{THEME.proc_box(Symbol.title_left)}{Fx.b}{THEME.title(str(proc.details["pid"]))}{Fx.ub}{THEME.proc_box(Symbol.title_right)}'
                                                                                  ~~~~~~~~~~~~^^^^^^^
KeyError: 'pid'
13/06/24 (16:50:21) | WARNING: Exiting with errorcode (1). Runtime 6:01:59 

24/06/24 (23:00:12) | ERROR: Data collection thread failed with exception: 'pid'
Traceback (most recent call last):
  File "/usr/bin/bpytop", line 2959, in _runner
    collector._draw()
  File "/usr/bin/bpytop", line 3991, in _draw
    ProcBox._draw_fg()
  File "/usr/bin/bpytop", line 2638, in _draw_fg
    f'{Mv.to(dy-1, x+1)}{THEME.proc_box(Symbol.title_left)}{Fx.b}{THEME.title(str(proc.details["pid"]))}{Fx.ub}{THEME.proc_box(Symbol.title_right)}'
                                                                                  ~~~~~~~~~~~~^^^^^^^
KeyError: 'pid'
24/06/24 (23:00:42) | WARNING: Exiting with errorcode (1). Runtime 0:52:42 

29/06/24 (18:16:53) | ERROR: Data collection thread failed with exception: 'pid'
Traceback (most recent call last):
  File "/usr/bin/bpytop", line 2959, in _runner
    collector._draw()
  File "/usr/bin/bpytop", line 3991, in _draw
    ProcBox._draw_fg()
  File "/usr/bin/bpytop", line 2638, in _draw_fg
    f'{Mv.to(dy-1, x+1)}{THEME.proc_box(Symbol.title_left)}{Fx.b}{THEME.title(str(proc.details["pid"]))}{Fx.ub}{THEME.proc_box(Symbol.title_right)}'
                                                                                  ~~~~~~~~~~~~^^^^^^^
KeyError: 'pid'
29/06/24 (18:16:57) | WARNING: Exiting with errorcode (1). Runtime 4 days, 19:15:04 

05/07/24 (22:51:46) | ERROR: Exception when sending signal 9 to pid 792906
05/07/24 (22:51:47) | ERROR: [Errno 1] Operation not permitted
Traceback (most recent call last):
  File "/usr/bin/bpytop", line 5479, in process_keys
    os.kill(pid, sig)
PermissionError: [Errno 1] Operation not permitted
05/07/24 (22:52:22) | ERROR: Exception when sending signal 9 to pid 792906
05/07/24 (22:52:22) | ERROR: [Errno 1] Operation not permitted
Traceback (most recent call last):
  File "/usr/bin/bpytop", line 5479, in process_keys
    os.kill(pid, sig)
PermissionError: [Errno 1] Operation not permitted
05/07/24 (22:52:41) | ERROR: Exception when sending signal 9 to pid 792906
05/07/24 (22:52:41) | ERROR: [Errno 1] Operation not permitted
Traceback (most recent call last):
  File "/usr/bin/bpytop", line 5479, in process_keys
    os.kill(pid, sig)
PermissionError: [Errno 1] Operation not permitted
11/07/24 (23:23:58) | ERROR: Exception when sending signal 9 to pid 63308
11/07/24 (23:23:58) | ERROR: [Errno 1] Operation not permitted
Traceback (most recent call last):
  File "/usr/bin/bpytop", line 5479, in process_keys
    os.kill(pid, sig)
PermissionError: [Errno 1] Operation not permitted
11/07/24 (23:24:06) | ERROR: Exception when sending signal 9 to pid 63308
11/07/24 (23:24:06) | ERROR: [Errno 1] Operation not permitted
Traceback (most recent call last):
  File "/usr/bin/bpytop", line 5479, in process_keys
    os.kill(pid, sig)
PermissionError: [Errno 1] Operation not permitted
11/07/24 (23:24:20) | ERROR: Exception when sending signal 15 to pid 63308
11/07/24 (23:24:20) | ERROR: [Errno 1] Operation not permitted
Traceback (most recent call last):
  File "/usr/bin/bpytop", line 5479, in process_keys
    os.kill(pid, sig)
PermissionError: [Errno 1] Operation not permitted
11/07/24 (23:24:27) | ERROR: Exception when sending signal 9 to pid 63308
11/07/24 (23:24:27) | ERROR: [Errno 1] Operation not permitted
Traceback (most recent call last):
  File "/usr/bin/bpytop", line 5479, in process_keys
    os.kill(pid, sig)
PermissionError: [Errno 1] Operation not permitted
11/07/24 (23:24:51) | ERROR: Exception when sending signal 9 to pid 63308
11/07/24 (23:24:51) | ERROR: [Errno 1] Operation not permitted
Traceback (most recent call last):
  File "/usr/bin/bpytop", line 5479, in process_keys
    os.kill(pid, sig)
PermissionError: [Errno 1] Operation not permitted
12/07/24 (14:45:09) | ERROR: Exception when sending signal 9 to pid 91043
12/07/24 (14:45:09) | ERROR: [Errno 1] Operation not permitted
Traceback (most recent call last):
  File "/usr/bin/bpytop", line 5479, in process_keys
    os.kill(pid, sig)
PermissionError: [Errno 1] Operation not permitted
14/07/24 (18:43:48) | ERROR: Exception when sending signal 9 to pid 151046
14/07/24 (18:43:49) | ERROR: [Errno 1] Operation not permitted
Traceback (most recent call last):
  File "/usr/bin/bpytop", line 5479, in process_keys
    os.kill(pid, sig)
PermissionError: [Errno 1] Operation not permitted
14/07/24 (18:44:52) | ERROR: Exception when sending signal 15 to pid 151046
14/07/24 (18:44:52) | ERROR: [Errno 1] Operation not permitted
Traceback (most recent call last):
  File "/usr/bin/bpytop", line 5479, in process_keys
    os.kill(pid, sig)
PermissionError: [Errno 1] Operation not permitted
14/07/24 (18:45:00) | ERROR: Exception when sending signal 2 to pid 151046
14/07/24 (18:45:00) | ERROR: [Errno 1] Operation not permitted
Traceback (most recent call last):
  File "/usr/bin/bpytop", line 5479, in process_keys
    os.kill(pid, sig)
PermissionError: [Errno 1] Operation not permitted
14/07/24 (18:45:06) | ERROR: Exception when sending signal 15 to pid 151046
14/07/24 (18:45:06) | ERROR: [Errno 1] Operation not permitted
Traceback (most recent call last):
  File "/usr/bin/bpytop", line 5479, in process_keys
    os.kill(pid, sig)
PermissionError: [Errno 1] Operation not permitted
14/07/24 (18:45:10) | ERROR: Exception when sending signal 2 to pid 151046
14/07/24 (18:45:10) | ERROR: [Errno 1] Operation not permitted
Traceback (most recent call last):
  File "/usr/bin/bpytop", line 5479, in process_keys
    os.kill(pid, sig)
PermissionError: [Errno 1] Operation not permitted
30/07/24 (11:53:14) | ERROR: Data collection thread failed with exception: cannot access local variable 'cmd' where it is not associated with a value
Traceback (most recent call last):
  File "/usr/bin/bpytop", line 2958, in _runner
    collector._collect()
  File "/usr/bin/bpytop", line 3726, in _collect
    cls._tree(sort_cmd=sort_cmd, reverse=reverse, proc_per_cpu=proc_per_cpu, search=search)
  File "/usr/bin/bpytop", line 3968, in _tree
    create_tree(min(tree), tree)
  File "/usr/bin/bpytop", line 3947, in create_tree
    "cmd" : cmd,
            ^^^
UnboundLocalError: cannot access local variable 'cmd' where it is not associated with a value
30/07/24 (11:53:15) | WARNING: Exiting with errorcode (1). Runtime 5 days, 14:06:03 

20/08/24 (22:14:23) | ERROR: Data collection thread failed with exception: Precision not allowed in integer format specifier
Traceback (most recent call last):
  File "/usr/bin/bpytop", line 2959, in _runner
    collector._draw()
  File "/usr/bin/bpytop", line 3991, in _draw
    ProcBox._draw_fg()
  File "/usr/bin/bpytop", line 2771, in _draw_fg
    (f'{proc.details["threads"]:^{iw}.{iw2}}' if expand > 0 else "") + (f'{proc.details["nice"]:^{iw}.{iw2}}' if expand > 1 else "") +
                                                                          ^^^^^^^^^^^^^^^^^^^^^^^^^^^^^^^^^^
ValueError: Precision not allowed in integer format specifier
20/08/24 (22:14:26) | WARNING: Exiting with errorcode (1). Runtime 9:45:32 

25/08/24 (20:55:28) | ERROR: Data collection thread failed with exception: 'pid'
Traceback (most recent call last):
  File "/usr/bin/bpytop", line 2959, in _runner
    collector._draw()
  File "/usr/bin/bpytop", line 3991, in _draw
    ProcBox._draw_fg()
  File "/usr/bin/bpytop", line 2638, in _draw_fg
    f'{Mv.to(dy-1, x+1)}{THEME.proc_box(Symbol.title_left)}{Fx.b}{THEME.title(str(proc.details["pid"]))}{Fx.ub}{THEME.proc_box(Symbol.title_right)}'
                                                                                  ~~~~~~~~~~~~^^^^^^^
KeyError: 'pid'
25/08/24 (20:55:35) | WARNING: Exiting with errorcode (1). Runtime 1 day, 8:24:35 

26/08/24 (21:44:08) | ERROR: Input thread failed with exception: dictionary changed size during iteration
Traceback (most recent call last):
  File "/usr/bin/bpytop", line 985, in _get_key
    for key_name, positions in cls.mouse.items(): #* Check if mouse position is clickable
RuntimeError: dictionary changed size during iteration
26/08/24 (21:44:13) | WARNING: Exiting with errorcode (1). Runtime 0:15:02 

26/08/24 (23:41:55) | ERROR: Data collection thread failed with exception: 'pid'
Traceback (most recent call last):
  File "/usr/bin/bpytop", line 2959, in _runner
    collector._draw()
  File "/usr/bin/bpytop", line 3991, in _draw
    ProcBox._draw_fg()
  File "/usr/bin/bpytop", line 2638, in _draw_fg
    f'{Mv.to(dy-1, x+1)}{THEME.proc_box(Symbol.title_left)}{Fx.b}{THEME.title(str(proc.details["pid"]))}{Fx.ub}{THEME.proc_box(Symbol.title_right)}'
                                                                                  ~~~~~~~~~~~~^^^^^^^
KeyError: 'pid'
26/08/24 (23:42:03) | WARNING: Exiting with errorcode (1). Runtime 1:56:37 

26/08/24 (23:42:26) | WARNING: Exiting with errorcode (1). Runtime 1:57:01 

27/08/24 (16:49:51) | ERROR: Data collection thread failed with exception: 'pid'
Traceback (most recent call last):
  File "/usr/bin/bpytop", line 2959, in _runner
    collector._draw()
  File "/usr/bin/bpytop", line 3991, in _draw
    ProcBox._draw_fg()
  File "/usr/bin/bpytop", line 2638, in _draw_fg
    f'{Mv.to(dy-1, x+1)}{THEME.proc_box(Symbol.title_left)}{Fx.b}{THEME.title(str(proc.details["pid"]))}{Fx.ub}{THEME.proc_box(Symbol.title_right)}'
                                                                                  ~~~~~~~~~~~~^^^^^^^
KeyError: 'pid'
27/08/24 (16:50:07) | WARNING: Exiting with errorcode (1). Runtime 17:06:31 

27/08/24 (16:50:28) | WARNING: Exiting with errorcode (1). Runtime 17:06:51 

29/08/24 (18:53:23) | ERROR: Data collection thread failed with exception: 'pid'
Traceback (most recent call last):
  File "/usr/bin/bpytop", line 2959, in _runner
    collector._draw()
  File "/usr/bin/bpytop", line 3991, in _draw
    ProcBox._draw_fg()
  File "/usr/bin/bpytop", line 2638, in _draw_fg
    f'{Mv.to(dy-1, x+1)}{THEME.proc_box(Symbol.title_left)}{Fx.b}{THEME.title(str(proc.details["pid"]))}{Fx.ub}{THEME.proc_box(Symbol.title_right)}'
                                                                                  ~~~~~~~~~~~~^^^^^^^
KeyError: 'pid'
29/08/24 (18:53:37) | WARNING: Exiting with errorcode (1). Runtime 0:05:42 

29/08/24 (18:53:49) | WARNING: Exiting with errorcode (1). Runtime 0:05:55 

30/08/24 (22:19:44) | ERROR: Data collection thread failed with exception: 'pid'
Traceback (most recent call last):
  File "/usr/bin/bpytop", line 2959, in _runner
    collector._draw()
  File "/usr/bin/bpytop", line 3991, in _draw
    ProcBox._draw_fg()
  File "/usr/bin/bpytop", line 2638, in _draw_fg
    f'{Mv.to(dy-1, x+1)}{THEME.proc_box(Symbol.title_left)}{Fx.b}{THEME.title(str(proc.details["pid"]))}{Fx.ub}{THEME.proc_box(Symbol.title_right)}'
                                                                                  ~~~~~~~~~~~~^^^^^^^
KeyError: 'pid'
30/08/24 (22:19:56) | WARNING: Exiting with errorcode (1). Runtime 1 day, 3:25:25 

30/08/24 (22:20:06) | WARNING: Exiting with errorcode (1). Runtime 1 day, 3:25:35 

09/09/24 (10:24:04) | ERROR: Data collection thread failed with exception: min() iterable argument is empty
Traceback (most recent call last):
  File "/usr/bin/bpytop", line 2958, in _runner
    collector._collect()
  File "/usr/bin/bpytop", line 3726, in _collect
    cls._tree(sort_cmd=sort_cmd, reverse=reverse, proc_per_cpu=proc_per_cpu, search=search)
  File "/usr/bin/bpytop", line 3968, in _tree
    create_tree(min(tree), tree)
                ^^^^^^^^^
ValueError: min() iterable argument is empty
09/09/24 (10:24:06) | WARNING: Exiting with errorcode (1). Runtime 18:08:53 

22/09/24 (11:23:09) | ERROR: Data collection thread failed with exception: cannot access local variable 'cmd' where it is not associated with a value
Traceback (most recent call last):
  File "/usr/bin/bpytop", line 2958, in _runner
    collector._collect()
  File "/usr/bin/bpytop", line 3726, in _collect
    cls._tree(sort_cmd=sort_cmd, reverse=reverse, proc_per_cpu=proc_per_cpu, search=search)
  File "/usr/bin/bpytop", line 3968, in _tree
    create_tree(min(tree), tree)
  File "/usr/bin/bpytop", line 3947, in create_tree
    "cmd" : cmd,
            ^^^
UnboundLocalError: cannot access local variable 'cmd' where it is not associated with a value
22/09/24 (11:23:11) | WARNING: Exiting with errorcode (1). Runtime 2 days, 13:20:54 

26/09/24 (18:01:41) | ERROR: Exception when sending signal 9 to pid 1272396
26/09/24 (18:01:42) | ERROR: [Errno 1] Operation not permitted
Traceback (most recent call last):
  File "/usr/bin/bpytop", line 5479, in process_keys
    os.kill(pid, sig)
PermissionError: [Errno 1] Operation not permitted
29/09/24 (12:55:13) | ERROR: Data collection thread failed with exception: min() iterable argument is empty
Traceback (most recent call last):
  File "/usr/bin/bpytop", line 2958, in _runner
    collector._collect()
  File "/usr/bin/bpytop", line 3726, in _collect
    cls._tree(sort_cmd=sort_cmd, reverse=reverse, proc_per_cpu=proc_per_cpu, search=search)
  File "/usr/bin/bpytop", line 3968, in _tree
    create_tree(min(tree), tree)
                ^^^^^^^^^
ValueError: min() iterable argument is empty
29/09/24 (12:55:15) | WARNING: Exiting with errorcode (1). Runtime 13:32:18 

28/03/25 (20:25:59) | ERROR: Exception when sending signal 9 to pid 483725
28/03/25 (20:25:59) | ERROR: [Errno 1] Operation not permitted
Traceback (most recent call last):
  File "/usr/bin/bpytop", line 5479, in process_keys
    os.kill(pid, sig)
    ~~~~~~~^^^^^^^^^^
PermissionError: [Errno 1] Operation not permitted
